2025-10-04 10:48:47,662 [Worker-2: Loading available Gradle versions] INFO  o.e.b.c.i.u.g.PublishedGradleVersions - Gradle version information cache is not available. Remote download required.
2025-10-04 10:50:37,358 [Worker-9: Import Getting Started Content] INFO  o.e.m.c.i.l.LifecycleMappingFactory - Using org.eclipse.m2e.jdt.JarLifecycleMapping lifecycle mapping for MavenProject: com.klef.dev:PATIENTAPI-SPRINGBOOT:0.0.1-SNAPSHOT @ C:\DevOps-PRACTICE\DOCKER-FULLSTACK\PATIENTAPI-SPRINGBOOT\pom.xml.
2025-10-04 10:50:38,828 [Worker-9: Import Getting Started Content] INFO  o.e.m.j.i.AbstractJavaProjectConfigurator - Adding source folder /PATIENTAPI-SPRINGBOOT/src/main/java
2025-10-04 10:50:38,829 [Worker-9: Import Getting Started Content] INFO  o.e.m.j.i.AbstractJavaProjectConfigurator - Adding resource folder /PATIENTAPI-SPRINGBOOT/src/main/resources
2025-10-04 10:50:38,834 [Worker-9: Import Getting Started Content] INFO  o.e.m.j.i.AbstractJavaProjectConfigurator - Adding resource folder /PATIENTAPI-SPRINGBOOT/src/main/resources
2025-10-04 10:50:38,837 [Worker-9: Import Getting Started Content] INFO  o.e.m.j.i.AbstractJavaProjectConfigurator - Adding source folder /PATIENTAPI-SPRINGBOOT/src/test/java
2025-10-04 10:50:38,837 [Worker-9: Import Getting Started Content] INFO  o.e.m.j.i.AbstractJavaProjectConfigurator - Adding resource folder /PATIENTAPI-SPRINGBOOT/src/test/resources
2025-10-04 10:50:39,719 [Worker-9: Import Getting Started Content] INFO  o.e.m.c.i.p.ProjectConfigurationManager - Imported and configured 1 project(s) in 3 sec
2025-10-04 10:50:39,724 [Worker-9: Import Getting Started Content] INFO  o.e.m.c.i.p.ProjectConfigurationManager - Update started
2025-10-04 10:50:40,072 [Worker-9: Import Getting Started Content] INFO  o.e.m.c.i.l.LifecycleMappingFactory - Using org.eclipse.m2e.jdt.JarLifecycleMapping lifecycle mapping for MavenProject: com.klef.dev:PATIENTAPI-SPRINGBOOT:0.0.1-SNAPSHOT @ C:\DevOps-PRACTICE\DOCKER-FULLSTACK\PATIENTAPI-SPRINGBOOT\pom.xml.
2025-10-04 10:50:40,680 [Worker-9: Import Getting Started Content] INFO  o.e.m.j.i.AbstractJavaProjectConfigurator - Adding source folder /PATIENTAPI-SPRINGBOOT/src/main/java
2025-10-04 10:50:40,682 [Worker-9: Import Getting Started Content] INFO  o.e.m.j.i.AbstractJavaProjectConfigurator - Adding resource folder /PATIENTAPI-SPRINGBOOT/src/main/resources
2025-10-04 10:50:40,683 [Worker-9: Import Getting Started Content] INFO  o.e.m.j.i.AbstractJavaProjectConfigurator - Adding resource folder /PATIENTAPI-SPRINGBOOT/src/main/resources
2025-10-04 10:50:40,684 [Worker-9: Import Getting Started Content] INFO  o.e.m.j.i.AbstractJavaProjectConfigurator - Adding source folder /PATIENTAPI-SPRINGBOOT/src/test/java
2025-10-04 10:50:40,684 [Worker-9: Import Getting Started Content] INFO  o.e.m.j.i.AbstractJavaProjectConfigurator - Adding resource folder /PATIENTAPI-SPRINGBOOT/src/test/resources
2025-10-04 10:50:41,142 [Worker-9: Import Getting Started Content] INFO  o.e.m.c.i.p.ProjectConfigurationManager - Update completed for 1 poms: local refresh takes 0.00 sec, refresh facades takes 0.00 sec, update config takes 0.00 sec 
2025-10-04 10:50:41,885 [Worker-24: Building] INFO  o.a.m.s.f.DefaultMavenResourcesFiltering - Copying 1 resource from src\main\resources to target\classes
2025-10-04 10:50:41,909 [Worker-24: Building] INFO  o.a.m.s.f.DefaultMavenResourcesFiltering - Copying 0 resource from src\main\resources to target\classes
2025-10-04 10:50:41,916 [Worker-24: Building] INFO  o.a.m.s.f.DefaultMavenResourcesFiltering - skip non existing resourceDirectory C:\DevOps-PRACTICE\DOCKER-FULLSTACK\PATIENTAPI-SPRINGBOOT\src\test\resources
2025-10-04 10:52:53,483 [Worker-25: Building] INFO  o.a.m.s.f.DefaultMavenResourcesFiltering - Copying 1 resource from src\main\resources to target\classes
2025-10-04 10:52:53,487 [Worker-25: Building] INFO  o.a.m.s.f.DefaultMavenResourcesFiltering - Copying 0 resource from src\main\resources to target\classes
2025-10-04 10:52:53,490 [Worker-25: Building] INFO  o.a.m.s.f.DefaultMavenResourcesFiltering - skip non existing resourceDirectory C:\DevOps-PRACTICE\DOCKER-FULLSTACK\PATIENTAPI-SPRINGBOOT\src\test\resources
2025-10-04 10:52:57,607 [Worker-6: Building] INFO  o.a.m.s.f.DefaultMavenResourcesFiltering - Copying 1 resource from src\main\resources to target\classes
2025-10-04 10:52:57,614 [Worker-6: Building] INFO  o.a.m.s.f.DefaultMavenResourcesFiltering - Copying 0 resource from src\main\resources to target\classes
2025-10-04 10:52:57,617 [Worker-6: Building] INFO  o.a.m.s.f.DefaultMavenResourcesFiltering - skip non existing resourceDirectory C:\DevOps-PRACTICE\DOCKER-FULLSTACK\PATIENTAPI-SPRINGBOOT\src\test\resources
2025-10-04 10:55:06,693 [Worker-11: Building] INFO  o.a.m.s.f.DefaultMavenResourcesFiltering - Copying 1 resource from src\main\resources to target\classes
2025-10-04 10:55:06,699 [Worker-11: Building] INFO  o.a.m.s.f.DefaultMavenResourcesFiltering - Copying 0 resource from src\main\resources to target\classes
2025-10-04 10:55:06,703 [Worker-11: Building] INFO  o.a.m.s.f.DefaultMavenResourcesFiltering - skip non existing resourceDirectory C:\DevOps-PRACTICE\DOCKER-FULLSTACK\PATIENTAPI-SPRINGBOOT\src\test\resources
2025-10-04 10:55:18,870 [Worker-7: Building] INFO  o.a.m.s.f.DefaultMavenResourcesFiltering - Copying 1 resource from src\main\resources to target\classes
2025-10-04 10:55:18,876 [Worker-7: Building] INFO  o.a.m.s.f.DefaultMavenResourcesFiltering - Copying 0 resource from src\main\resources to target\classes
2025-10-04 10:55:18,880 [Worker-7: Building] INFO  o.a.m.s.f.DefaultMavenResourcesFiltering - skip non existing resourceDirectory C:\DevOps-PRACTICE\DOCKER-FULLSTACK\PATIENTAPI-SPRINGBOOT\src\test\resources
2025-10-04 10:55:32,943 [Worker-9: Building] INFO  o.a.m.s.f.DefaultMavenResourcesFiltering - Copying 1 resource from src\main\resources to target\classes
2025-10-04 10:55:32,948 [Worker-9: Building] INFO  o.a.m.s.f.DefaultMavenResourcesFiltering - Copying 0 resource from src\main\resources to target\classes
2025-10-04 10:55:32,953 [Worker-9: Building] INFO  o.a.m.s.f.DefaultMavenResourcesFiltering - skip non existing resourceDirectory C:\DevOps-PRACTICE\DOCKER-FULLSTACK\PATIENTAPI-SPRINGBOOT\src\test\resources
2025-10-04 10:55:40,133 [Worker-11: Building] INFO  o.a.m.s.f.DefaultMavenResourcesFiltering - Copying 1 resource from src\main\resources to target\classes
2025-10-04 10:55:40,141 [Worker-11: Building] INFO  o.a.m.s.f.DefaultMavenResourcesFiltering - Copying 0 resource from src\main\resources to target\classes
2025-10-04 10:55:40,144 [Worker-11: Building] INFO  o.a.m.s.f.DefaultMavenResourcesFiltering - skip non existing resourceDirectory C:\DevOps-PRACTICE\DOCKER-FULLSTACK\PATIENTAPI-SPRINGBOOT\src\test\resources
2025-10-04 10:56:06,189 [Worker-12: Building] INFO  o.a.m.s.f.DefaultMavenResourcesFiltering - Copying 1 resource from src\main\resources to target\classes
2025-10-04 10:56:06,194 [Worker-12: Building] INFO  o.a.m.s.f.DefaultMavenResourcesFiltering - Copying 0 resource from src\main\resources to target\classes
2025-10-04 10:56:06,198 [Worker-12: Building] INFO  o.a.m.s.f.DefaultMavenResourcesFiltering - skip non existing resourceDirectory C:\DevOps-PRACTICE\DOCKER-FULLSTACK\PATIENTAPI-SPRINGBOOT\src\test\resources
2025-10-04 10:56:10,435 [Worker-12: Building] INFO  o.a.m.s.f.DefaultMavenResourcesFiltering - Copying 1 resource from src\main\resources to target\classes
2025-10-04 10:56:10,439 [Worker-12: Building] INFO  o.a.m.s.f.DefaultMavenResourcesFiltering - Copying 0 resource from src\main\resources to target\classes
2025-10-04 10:56:10,442 [Worker-12: Building] INFO  o.a.m.s.f.DefaultMavenResourcesFiltering - skip non existing resourceDirectory C:\DevOps-PRACTICE\DOCKER-FULLSTACK\PATIENTAPI-SPRINGBOOT\src\test\resources
2025-10-04 10:56:30,597 [Worker-9: Building] INFO  o.a.m.s.f.DefaultMavenResourcesFiltering - Copying 1 resource from src\main\resources to target\classes
2025-10-04 10:56:30,601 [Worker-9: Building] INFO  o.a.m.s.f.DefaultMavenResourcesFiltering - Copying 0 resource from src\main\resources to target\classes
2025-10-04 10:56:30,605 [Worker-9: Building] INFO  o.a.m.s.f.DefaultMavenResourcesFiltering - skip non existing resourceDirectory C:\DevOps-PRACTICE\DOCKER-FULLSTACK\PATIENTAPI-SPRINGBOOT\src\test\resources
2025-10-04 10:56:34,736 [Worker-19: Building] INFO  o.a.m.s.f.DefaultMavenResourcesFiltering - Copying 1 resource from src\main\resources to target\classes
2025-10-04 10:56:34,740 [Worker-19: Building] INFO  o.a.m.s.f.DefaultMavenResourcesFiltering - Copying 0 resource from src\main\resources to target\classes
2025-10-04 10:56:34,743 [Worker-19: Building] INFO  o.a.m.s.f.DefaultMavenResourcesFiltering - skip non existing resourceDirectory C:\DevOps-PRACTICE\DOCKER-FULLSTACK\PATIENTAPI-SPRINGBOOT\src\test\resources
2025-10-04 10:56:56,444 [Worker-14: Building] INFO  o.a.m.s.f.DefaultMavenResourcesFiltering - Copying 1 resource from src\main\resources to target\classes
2025-10-04 10:56:56,454 [Worker-14: Building] INFO  o.a.m.s.f.DefaultMavenResourcesFiltering - Copying 0 resource from src\main\resources to target\classes
2025-10-04 10:56:56,458 [Worker-14: Building] INFO  o.a.m.s.f.DefaultMavenResourcesFiltering - skip non existing resourceDirectory C:\DevOps-PRACTICE\DOCKER-FULLSTACK\PATIENTAPI-SPRINGBOOT\src\test\resources
2025-10-04 10:57:05,608 [Worker-6: Building] INFO  o.a.m.s.f.DefaultMavenResourcesFiltering - Copying 1 resource from src\main\resources to target\classes
2025-10-04 10:57:05,627 [Worker-6: Building] INFO  o.a.m.s.f.DefaultMavenResourcesFiltering - Copying 0 resource from src\main\resources to target\classes
2025-10-04 10:57:05,631 [Worker-6: Building] INFO  o.a.m.s.f.DefaultMavenResourcesFiltering - skip non existing resourceDirectory C:\DevOps-PRACTICE\DOCKER-FULLSTACK\PATIENTAPI-SPRINGBOOT\src\test\resources
2025-10-04 10:57:29,425 [Worker-18: Building] INFO  o.a.m.s.f.DefaultMavenResourcesFiltering - Copying 1 resource from src\main\resources to target\classes
2025-10-04 10:57:29,429 [Worker-18: Building] INFO  o.a.m.s.f.DefaultMavenResourcesFiltering - Copying 0 resource from src\main\resources to target\classes
2025-10-04 10:57:29,431 [Worker-18: Building] INFO  o.a.m.s.f.DefaultMavenResourcesFiltering - skip non existing resourceDirectory C:\DevOps-PRACTICE\DOCKER-FULLSTACK\PATIENTAPI-SPRINGBOOT\src\test\resources
2025-10-04 10:57:35,495 [Worker-30: Building] INFO  o.a.m.s.f.DefaultMavenResourcesFiltering - Copying 1 resource from src\main\resources to target\classes
2025-10-04 10:57:35,498 [Worker-30: Building] INFO  o.a.m.s.f.DefaultMavenResourcesFiltering - Copying 0 resource from src\main\resources to target\classes
2025-10-04 10:57:35,502 [Worker-30: Building] INFO  o.a.m.s.f.DefaultMavenResourcesFiltering - skip non existing resourceDirectory C:\DevOps-PRACTICE\DOCKER-FULLSTACK\PATIENTAPI-SPRINGBOOT\src\test\resources
2025-10-04 10:57:48,694 [Worker-6: Building] INFO  o.a.m.s.f.DefaultMavenResourcesFiltering - Copying 1 resource from src\main\resources to target\classes
2025-10-04 10:57:48,697 [Worker-6: Building] INFO  o.a.m.s.f.DefaultMavenResourcesFiltering - Copying 0 resource from src\main\resources to target\classes
2025-10-04 10:57:48,700 [Worker-6: Building] INFO  o.a.m.s.f.DefaultMavenResourcesFiltering - skip non existing resourceDirectory C:\DevOps-PRACTICE\DOCKER-FULLSTACK\PATIENTAPI-SPRINGBOOT\src\test\resources
2025-10-04 10:57:50,932 [Worker-14: Building] INFO  o.a.m.s.f.DefaultMavenResourcesFiltering - Copying 1 resource from src\main\resources to target\classes
2025-10-04 10:57:50,941 [Worker-14: Building] INFO  o.a.m.s.f.DefaultMavenResourcesFiltering - Copying 0 resource from src\main\resources to target\classes
2025-10-04 10:57:50,944 [Worker-14: Building] INFO  o.a.m.s.f.DefaultMavenResourcesFiltering - skip non existing resourceDirectory C:\DevOps-PRACTICE\DOCKER-FULLSTACK\PATIENTAPI-SPRINGBOOT\src\test\resources
2025-10-04 10:57:59,423 [Worker-12: Building] INFO  o.a.m.s.f.DefaultMavenResourcesFiltering - Copying 1 resource from src\main\resources to target\classes
2025-10-04 10:57:59,427 [Worker-12: Building] INFO  o.a.m.s.f.DefaultMavenResourcesFiltering - Copying 0 resource from src\main\resources to target\classes
2025-10-04 10:57:59,429 [Worker-12: Building] INFO  o.a.m.s.f.DefaultMavenResourcesFiltering - skip non existing resourceDirectory C:\DevOps-PRACTICE\DOCKER-FULLSTACK\PATIENTAPI-SPRINGBOOT\src\test\resources
2025-10-04 10:58:20,925 [Worker-9: Building] INFO  o.a.m.s.f.DefaultMavenResourcesFiltering - Copying 1 resource from src\main\resources to target\classes
2025-10-04 10:58:20,930 [Worker-9: Building] INFO  o.a.m.s.f.DefaultMavenResourcesFiltering - Copying 0 resource from src\main\resources to target\classes
2025-10-04 10:58:20,932 [Worker-9: Building] INFO  o.a.m.s.f.DefaultMavenResourcesFiltering - skip non existing resourceDirectory C:\DevOps-PRACTICE\DOCKER-FULLSTACK\PATIENTAPI-SPRINGBOOT\src\test\resources
2025-10-04 10:58:26,142 [Worker-18: Building] INFO  o.a.m.s.f.DefaultMavenResourcesFiltering - Copying 1 resource from src\main\resources to target\classes
2025-10-04 10:58:26,145 [Worker-18: Building] INFO  o.a.m.s.f.DefaultMavenResourcesFiltering - Copying 0 resource from src\main\resources to target\classes
2025-10-04 10:58:26,148 [Worker-18: Building] INFO  o.a.m.s.f.DefaultMavenResourcesFiltering - skip non existing resourceDirectory C:\DevOps-PRACTICE\DOCKER-FULLSTACK\PATIENTAPI-SPRINGBOOT\src\test\resources
2025-10-04 11:00:09,531 [Worker-11: Building] INFO  o.a.m.s.f.DefaultMavenResourcesFiltering - Copying 1 resource from src\main\resources to target\classes
2025-10-04 11:00:09,540 [Worker-11: Building] INFO  o.a.m.s.f.DefaultMavenResourcesFiltering - Copying 0 resource from src\main\resources to target\classes
2025-10-04 11:00:09,543 [Worker-11: Building] INFO  o.a.m.s.f.DefaultMavenResourcesFiltering - skip non existing resourceDirectory C:\DevOps-PRACTICE\DOCKER-FULLSTACK\PATIENTAPI-SPRINGBOOT\src\test\resources
2025-10-04 11:00:28,390 [Worker-11: Building] INFO  o.a.m.s.f.DefaultMavenResourcesFiltering - Copying 1 resource from src\main\resources to target\classes
2025-10-04 11:00:28,408 [Worker-11: Building] INFO  o.a.m.s.f.DefaultMavenResourcesFiltering - Copying 0 resource from src\main\resources to target\classes
2025-10-04 11:00:28,415 [Worker-11: Building] INFO  o.a.m.s.f.DefaultMavenResourcesFiltering - skip non existing resourceDirectory C:\DevOps-PRACTICE\DOCKER-FULLSTACK\PATIENTAPI-SPRINGBOOT\src\test\resources
2025-10-04 11:00:45,820 [Worker-31: Building] INFO  o.a.m.s.f.DefaultMavenResourcesFiltering - Copying 1 resource from src\main\resources to target\classes
2025-10-04 11:00:45,826 [Worker-31: Building] INFO  o.a.m.s.f.DefaultMavenResourcesFiltering - Copying 0 resource from src\main\resources to target\classes
2025-10-04 11:00:45,828 [Worker-31: Building] INFO  o.a.m.s.f.DefaultMavenResourcesFiltering - skip non existing resourceDirectory C:\DevOps-PRACTICE\DOCKER-FULLSTACK\PATIENTAPI-SPRINGBOOT\src\test\resources
2025-10-04 11:00:49,731 [Worker-9: Building] INFO  o.a.m.s.f.DefaultMavenResourcesFiltering - Copying 1 resource from src\main\resources to target\classes
2025-10-04 11:00:49,737 [Worker-9: Building] INFO  o.a.m.s.f.DefaultMavenResourcesFiltering - Copying 0 resource from src\main\resources to target\classes
2025-10-04 11:00:49,739 [Worker-9: Building] INFO  o.a.m.s.f.DefaultMavenResourcesFiltering - skip non existing resourceDirectory C:\DevOps-PRACTICE\DOCKER-FULLSTACK\PATIENTAPI-SPRINGBOOT\src\test\resources
2025-10-04 11:01:08,651 [Worker-14: Building] INFO  o.a.m.s.f.DefaultMavenResourcesFiltering - Copying 1 resource from src\main\resources to target\classes
2025-10-04 11:01:08,657 [Worker-14: Building] INFO  o.a.m.s.f.DefaultMavenResourcesFiltering - Copying 0 resource from src\main\resources to target\classes
2025-10-04 11:01:08,660 [Worker-14: Building] INFO  o.a.m.s.f.DefaultMavenResourcesFiltering - skip non existing resourceDirectory C:\DevOps-PRACTICE\DOCKER-FULLSTACK\PATIENTAPI-SPRINGBOOT\src\test\resources
2025-10-04 11:01:17,247 [Worker-14: Building] INFO  o.a.m.s.f.DefaultMavenResourcesFiltering - Copying 1 resource from src\main\resources to target\classes
2025-10-04 11:01:17,256 [Worker-14: Building] INFO  o.a.m.s.f.DefaultMavenResourcesFiltering - Copying 0 resource from src\main\resources to target\classes
2025-10-04 11:01:17,258 [Worker-14: Building] INFO  o.a.m.s.f.DefaultMavenResourcesFiltering - skip non existing resourceDirectory C:\DevOps-PRACTICE\DOCKER-FULLSTACK\PATIENTAPI-SPRINGBOOT\src\test\resources
2025-10-04 11:02:21,191 [Worker-32: Building] INFO  o.a.m.s.f.DefaultMavenResourcesFiltering - Copying 1 resource from src\main\resources to target\classes
2025-10-04 11:02:21,196 [Worker-32: Building] INFO  o.a.m.s.f.DefaultMavenResourcesFiltering - Copying 0 resource from src\main\resources to target\classes
2025-10-04 11:02:21,198 [Worker-32: Building] INFO  o.a.m.s.f.DefaultMavenResourcesFiltering - skip non existing resourceDirectory C:\DevOps-PRACTICE\DOCKER-FULLSTACK\PATIENTAPI-SPRINGBOOT\src\test\resources
2025-10-04 11:02:25,431 [Worker-9: Building] INFO  o.a.m.s.f.DefaultMavenResourcesFiltering - Copying 1 resource from src\main\resources to target\classes
2025-10-04 11:02:25,439 [Worker-9: Building] INFO  o.a.m.s.f.DefaultMavenResourcesFiltering - Copying 0 resource from src\main\resources to target\classes
2025-10-04 11:02:25,445 [Worker-9: Building] INFO  o.a.m.s.f.DefaultMavenResourcesFiltering - skip non existing resourceDirectory C:\DevOps-PRACTICE\DOCKER-FULLSTACK\PATIENTAPI-SPRINGBOOT\src\test\resources
2025-10-04 11:08:15,122 [Worker-14: Building] INFO  o.a.m.s.f.DefaultMavenResourcesFiltering - Copying 1 resource from src\main\resources to target\classes
2025-10-04 11:08:15,137 [Worker-14: Building] INFO  o.a.m.s.f.DefaultMavenResourcesFiltering - Copying 0 resource from src\main\resources to target\classes
2025-10-04 11:08:15,142 [Worker-14: Building] INFO  o.a.m.s.f.DefaultMavenResourcesFiltering - skip non existing resourceDirectory C:\DevOps-PRACTICE\DOCKER-FULLSTACK\PATIENTAPI-SPRINGBOOT\src\test\resources
2025-10-04 11:08:19,818 [Worker-9: Building] INFO  o.a.m.s.f.DefaultMavenResourcesFiltering - Copying 1 resource from src\main\resources to target\classes
2025-10-04 11:08:19,834 [Worker-9: Building] INFO  o.a.m.s.f.DefaultMavenResourcesFiltering - Copying 0 resource from src\main\resources to target\classes
2025-10-04 11:08:19,840 [Worker-9: Building] INFO  o.a.m.s.f.DefaultMavenResourcesFiltering - skip non existing resourceDirectory C:\DevOps-PRACTICE\DOCKER-FULLSTACK\PATIENTAPI-SPRINGBOOT\src\test\resources
2025-10-04 11:15:37,744 [Worker-14: Building] INFO  o.a.m.s.f.DefaultMavenResourcesFiltering - Copying 1 resource from src\main\resources to target\classes
2025-10-04 11:15:37,758 [Worker-14: Building] INFO  o.a.m.s.f.DefaultMavenResourcesFiltering - Copying 0 resource from src\main\resources to target\classes
2025-10-04 11:15:37,764 [Worker-14: Building] INFO  o.a.m.s.f.DefaultMavenResourcesFiltering - skip non existing resourceDirectory C:\DevOps-PRACTICE\DOCKER-FULLSTACK\PATIENTAPI-SPRINGBOOT\src\test\resources
